modules/fieldmesh-hotspot/android/build/intermediates/manifest_merge_blame_file/release/processReleaseManifest/manifest-merger-blame-release-report.txt
1<?xml version="1.0" encoding="utf-8"?>
2<manifest xmlns:android="http://schemas.android.com/apk/res/android"
3    package="expo.modules.fieldmeshhotspot" >
4
5    <uses-sdk android:minSdkVersion="24" />
6
7    <uses-permission android:name="android.permission.INTERNET" />
7-->src/main/AndroidManifest.xml:2:5-67
7-->src/main/AndroidManifest.xml:2:22-64
8    <uses-permission android:name="android.permission.ACCESS_NETWORK_STATE" />
8-->src/main/AndroidManifest.xml:3:5-79
8-->src/main/AndroidManifest.xml:3:22-76
9    <uses-permission android:name="android.permission.ACCESS_WIFI_STATE" />
9-->src/main/AndroidManifest.xml:4:5-76
9-->src/main/AndroidManifest.xml:4:22-73
10    <uses-permission android:name="android.permission.CHANGE_WIFI_STATE" />
10-->src/main/AndroidManifest.xml:5:5-76
10-->src/main/AndroidManifest.xml:5:22-73
11    <uses-permission android:name="android.permission.CHANGE_NETWORK_STATE" />
11-->src/main/AndroidManifest.xml:6:5-79
11-->src/main/AndroidManifest.xml:6:22-76
12    <uses-permission
12-->src/main/AndroidManifest.xml:7:5-125
13        android:name="android.permission.NEARBY_WIFI_DEVICES"
13-->src/main/AndroidManifest.xml:7:22-75
14        android:usesPermissionFlags="neverForLocation" />
14-->src/main/AndroidManifest.xml:7:76-122
15    <uses-permission
15-->src/main/AndroidManifest.xml:8:5-106
16        android:name="android.permission.ACCESS_FINE_LOCATION"
16-->src/main/AndroidManifest.xml:8:22-76
17        android:maxSdkVersion="32" />
17-->src/main/AndroidManifest.xml:8:77-103
18    <!-- The hub keeps a listening socket open while the app is in the background. -->
19    <uses-permission android:name="android.permission.FOREGROUND_SERVICE" />
19-->src/main/AndroidManifest.xml:10:5-77
19-->src/main/AndroidManifest.xml:10:22-74
20    <uses-permission android:name="android.permission.FOREGROUND_SERVICE_DATA_SYNC" />
20-->src/main/AndroidManifest.xml:11:5-87
20-->src/main/AndroidManifest.xml:11:22-84
21    <uses-permission android:name="android.permission.POST_NOTIFICATIONS" />
21-->src/main/AndroidManifest.xml:12:5-77
21-->src/main/AndroidManifest.xml:12:22-74
22    <uses-permission android:name="android.permission.WAKE_LOCK" />
22-->src/main/AndroidManifest.xml:13:5-68
22-->src/main/AndroidManifest.xml:13:22-65
23
24    <application>
24-->src/main/AndroidManifest.xml:15:5-20:19
25        <service
25-->src/main/AndroidManifest.xml:16:9-19:56
26            android:name="expo.modules.fieldmeshhotspot.HubForegroundService"
26-->src/main/AndroidManifest.xml:17:13-78
27            android:exported="false"
27-->src/main/AndroidManifest.xml:18:13-37
28            android:foregroundServiceType="dataSync" />
28-->src/main/AndroidManifest.xml:19:13-53
29    </application>
30
31</manifest>